Arguments: 
  D:\node.exe C:\Users\vcmot\AppData\Roaming\npm\node_modules\yarn\bin\yarn.js init y

PATH: 
  C:\Program Files (x86)\Common Files\Oracle\Java\javapath;C:\WINDOWS\system32;C:\WINDOWS;C:\WINDOWS\System32\Wbem;C:\WINDOWS\System32\WindowsPowerShell\v1.0\;C:\WINDOWS\System32\OpenSSH\;D:\;D:\Git\cmd;C:\Users\vcmot\AppData\Local\Programs\Python\Python39\Scripts;C:\Users\vcmot\scoop\shims;C:\Users\vcmot\AppData\Local\Programs\Python\Python39\Scripts\;C:\Users\vcmot\AppData\Local\Programs\Python\Python39\;C:\Users\vcmot\AppData\Local\Microsoft\WindowsApps;D:\Microsoft VS Code\bin;C:\Users\vcmot\AppData\Roaming\npm;C:\Users\vcmot\AppData\Local\GitHubDesktop\bin;C:\Program Files\MongoDB\Server\4.4\bin;C:\Program Files\heroku\bin

Yarn version: 
  1.22.10

Node version: 
  14.16.1

Platform: 
  win32 x64

Trace: 
  Error: canceled
      at Interface.<anonymous> (C:\Users\vcmot\AppData\Roaming\npm\node_modules\yarn\lib\cli.js:136216:13)
      at Interface.emit (events.js:315:20)
      at Interface._ttyWrite (readline.js:875:16)
      at ReadStream.onkeypress (readline.js:213:10)
      at ReadStream.emit (events.js:315:20)
      at emitKeys (internal/readline/utils.js:345:14)
      at emitKeys.next (<anonymous>)
      at ReadStream.onData (readline.js:1144:36)
      at ReadStream.emit (events.js:315:20)
      at addChunk (internal/streams/readable.js:309:12)

npm manifest: 
  No manifest

yarn manifest: 
  No manifest

Lockfile: 
  No lockfile
